2020-08-14 18:50:41.699  INFO [users-ws,,,] 25708 --- [main] c.c.c.ConfigServicePropertySourceLocator : Fetching config from server at : http://localhost:8012
2020-08-14 18:50:41.813  INFO [users-ws,,,] 25708 --- [main] c.c.c.ConfigServicePropertySourceLocator : Connect Timeout Exception on Url - http://localhost:8012. Will be trying the next url if available
2020-08-14 18:50:41.813  WARN [users-ws,,,] 25708 --- [main] c.c.c.ConfigServicePropertySourceLocator : Could not locate PropertySource: I/O error on GET request for "http://localhost:8012/users-ws/default": Connection refused (Connection refused); nested exception is java.net.ConnectException: Connection refused (Connection refused)
2020-08-14 18:50:41.822  INFO [users-ws,,,] 25708 --- [main] m.p.a.u.PhotoAppApiUsersApplicationTests : No active profile set, falling back to default profiles: default
2020-08-14 18:50:42.809  WARN [users-ws,,,] 25708 --- [main] o.s.boot.actuate.endpoint.EndpointId     : Endpoint ID 'bus-env' contains invalid characters, please migrate to a valid format.
2020-08-14 18:50:42.812  WARN [users-ws,,,] 25708 --- [main] o.s.boot.actuate.endpoint.EndpointId     : Endpoint ID 'bus-refresh' contains invalid characters, please migrate to a valid format.
2020-08-14 18:50:43.070  INFO [users-ws,,,] 25708 --- [main] .s.d.r.c.RepositoryConfigurationDelegate : Bootstrapping Spring Data repositories in DEFAULT mode.
2020-08-14 18:50:43.271  INFO [users-ws,,,] 25708 --- [main] .s.d.r.c.RepositoryConfigurationDelegate : Finished Spring Data repository scanning in 188ms. Found 1 repository interfaces.
2020-08-14 18:50:43.438  WARN [users-ws,,,] 25708 --- [main] o.s.boot.actuate.endpoint.EndpointId     : Endpoint ID 'service-registry' contains invalid characters, please migrate to a valid format.
2020-08-14 18:50:43.529  WARN [users-ws,,,] 25708 --- [main] o.s.boot.actuate.endpoint.EndpointId     : Endpoint ID 'hystrix.stream' contains invalid characters, please migrate to a valid format.
2020-08-14 18:50:44.015  INFO [users-ws,,,] 25708 --- [main] o.s.cloud.context.scope.GenericScope     : BeanFactory id=de813696-9f94-3ce7-a1dd-64d928b9ee66
2020-08-14 18:50:44.101  INFO [users-ws,,,] 25708 --- [main] faultConfiguringBeanFactoryPostProcessor : No bean named 'errorChannel' has been explicitly defined. Therefore, a default PublishSubscribeChannel will be created.
2020-08-14 18:50:44.108  INFO [users-ws,,,] 25708 --- [main] faultConfiguringBeanFactoryPostProcessor : No bean named 'taskScheduler' has been explicitly defined. Therefore, a default ThreadPoolTaskScheduler will be created.
2020-08-14 18:50:44.116  INFO [users-ws,,,] 25708 --- [main] faultConfiguringBeanFactoryPostProcessor : No bean named 'integrationHeaderChannelRegistry' has been explicitly defined. Therefore, a default DefaultHeaderChannelRegistry will be created.
2020-08-14 18:50:44.558  INFO [users-ws,,,] 25708 --- [main] trationDelegate$BeanPostProcessorChecker : Bean 'org.springframework.transaction.annotation.ProxyTransactionManagementConfiguration' of type [org.springframework.transaction.annotation.ProxyTransactionManagementConfiguration$$EnhancerBySpringCGLIB$$7788aebc] is not eligible for getting processed by all BeanPostProcessors (for example: not eligible for auto-proxying)
2020-08-14 18:50:44.615  INFO [users-ws,,,] 25708 --- [main] trationDelegate$BeanPostProcessorChecker : Bean 'integrationDisposableAutoCreatedBeans' of type [org.springframework.integration.config.annotation.Disposables] is not eligible for getting processed by all BeanPostProcessors (for example: not eligible for auto-proxying)
2020-08-14 18:50:44.678  INFO [users-ws,,,] 25708 --- [main] trationDelegate$BeanPostProcessorChecker : Bean 'org.springframework.integration.config.IntegrationManagementConfiguration' of type [org.springframework.integration.config.IntegrationManagementConfiguration$$EnhancerBySpringCGLIB$$e27a69eb] is not eligible for getting processed by all BeanPostProcessors (for example: not eligible for auto-proxying)
2020-08-14 18:50:44.727  INFO [users-ws,,,] 25708 --- [main] trationDelegate$BeanPostProcessorChecker : Bean 'org.springframework.cloud.autoconfigure.ConfigurationPropertiesRebinderAutoConfiguration' of type [org.springframework.cloud.autoconfigure.ConfigurationPropertiesRebinderAutoConfiguration$$EnhancerBySpringCGLIB$$93a2b1b9] is not eligible for getting processed by all BeanPostProcessors (for example: not eligible for auto-proxying)
2020-08-14 18:50:45.419  INFO [users-ws,,,] 25708 --- [main] com.zaxxer.hikari.HikariDataSource       : HikariPool-1 - Starting...
2020-08-14 18:50:45.650  INFO [users-ws,,,] 25708 --- [main] com.zaxxer.hikari.HikariDataSource       : HikariPool-1 - Start completed.
2020-08-14 18:50:45.755  INFO [users-ws,,,] 25708 --- [main] o.hibernate.jpa.internal.util.LogHelper  : HHH000204: Processing PersistenceUnitInfo [
	name: default
	...]
2020-08-14 18:50:45.870  INFO [users-ws,,,] 25708 --- [main] org.hibernate.Version                    : HHH000412: Hibernate Core {5.3.9.Final}
2020-08-14 18:50:45.873  INFO [users-ws,,,] 25708 --- [main] org.hibernate.cfg.Environment            : HHH000206: hibernate.properties not found
2020-08-14 18:50:46.092  INFO [users-ws,,,] 25708 --- [main] o.hibernate.annotations.common.Version   : HCANN000001: Hibernate Commons Annotations {5.0.4.Final}
2020-08-14 18:50:46.296  INFO [users-ws,,,] 25708 --- [main] org.hibernate.dialect.Dialect            : HHH000400: Using dialect: org.hibernate.dialect.H2Dialect
2020-08-14 18:50:47.224  INFO [users-ws,,,] 25708 --- [main] j.LocalContainerEntityManagerFactoryBean : Initialized JPA EntityManagerFactory for persistence unit 'default'
2020-08-14 18:50:48.273  WARN [users-ws,,,] 25708 --- [main] c.n.c.sources.URLConfigurationSource     : No URLs will be polled as dynamic configuration sources.
2020-08-14 18:50:48.273  INFO [users-ws,,,] 25708 --- [main] c.n.c.sources.URLConfigurationSource     : To enable URLs as dynamic configuration sources, define System property archaius.configurationSource.additionalUrls or make config.properties available on classpath.
2020-08-14 18:50:48.295  INFO [users-ws,,,] 25708 --- [main] c.netflix.config.DynamicPropertyFactory  : DynamicPropertyFactory is initialized with configuration sources: com.netflix.config.ConcurrentCompositeConfiguration@31cddb11
2020-08-14 18:50:48.641  INFO [users-ws,,,] 25708 --- [main] o.s.s.c.ThreadPoolTaskScheduler          : Initializing ExecutorService 'taskScheduler'
2020-08-14 18:50:49.327  INFO [users-ws,,,] 25708 --- [main] o.s.s.web.DefaultSecurityFilterChain     : Creating filter chain: any request, [org.springframework.security.web.context.request.async.WebAsyncManagerIntegrationFilter@43cf97a8, org.springframework.security.web.context.SecurityContextPersistenceFilter@2d568cff, org.springframework.security.web.header.HeaderWriterFilter@8eeb4c5, org.springframework.security.web.authentication.logout.LogoutFilter@729d1428, com.microservice.photoapp.api.users.security.AuthenticationFilter@5c1ea00, org.springframework.security.web.savedrequest.RequestCacheAwareFilter@504b4a97, org.springframework.security.web.servletapi.SecurityContextHolderAwareRequestFilter@7878459f, org.springframework.security.web.authentication.AnonymousAuthenticationFilter@356ab368, org.springframework.security.web.session.SessionManagementFilter@51d2d336, org.springframework.security.web.access.ExceptionTranslationFilter@6eb332d1, org.springframework.security.web.access.intercept.FilterSecurityInterceptor@7077ae9c]
2020-08-14 18:50:49.794  WARN [users-ws,,,] 25708 --- [main] c.n.c.sources.URLConfigurationSource     : No URLs will be polled as dynamic configuration sources.
2020-08-14 18:50:49.794  INFO [users-ws,,,] 25708 --- [main] c.n.c.sources.URLConfigurationSource     : To enable URLs as dynamic configuration sources, define System property archaius.configurationSource.additionalUrls or make config.properties available on classpath.
2020-08-14 18:50:50.288  INFO [users-ws,,,] 25708 --- [main] o.s.s.concurrent.ThreadPoolTaskExecutor  : Initializing ExecutorService 'applicationTaskExecutor'
2020-08-14 18:50:50.382  WARN [users-ws,,,] 25708 --- [main] aWebConfiguration$JpaWebMvcConfiguration : spring.jpa.open-in-view is enabled by default. Therefore, database queries may be performed during view rendering. Explicitly configure spring.jpa.open-in-view to disable this warning
2020-08-14 18:50:53.348  INFO [users-ws,,,] 25708 --- [main] o.s.b.a.e.web.EndpointLinksResolver      : Exposing 1 endpoint(s) beneath base path '/actuator'
2020-08-14 18:50:54.408  INFO [users-ws,,,] 25708 --- [main] o.s.c.s.m.DirectWithAttributesChannel    : Channel 'application-1.springCloudBusInput' has 1 subscriber(s).
2020-08-14 18:50:54.455  INFO [users-ws,,,] 25708 --- [main] o.s.i.endpoint.EventDrivenConsumer       : Adding {logging-channel-adapter:_org.springframework.integration.errorLogger} as a subscriber to the 'errorChannel' channel
2020-08-14 18:50:54.456  INFO [users-ws,,,] 25708 --- [main] o.s.i.channel.PublishSubscribeChannel    : Channel 'application-1.errorChannel' has 1 subscriber(s).
2020-08-14 18:50:54.456  INFO [users-ws,,,] 25708 --- [main] o.s.i.endpoint.EventDrivenConsumer       : started _org.springframework.integration.errorLogger
2020-08-14 18:50:54.500  INFO [users-ws,,,] 25708 --- [main] c.c.c.ConfigServicePropertySourceLocator : Fetching config from server at : http://localhost:8012
2020-08-14 18:50:54.507  INFO [users-ws,,,] 25708 --- [main] c.c.c.ConfigServicePropertySourceLocator : Connect Timeout Exception on Url - http://localhost:8012. Will be trying the next url if available
2020-08-14 18:50:54.507  WARN [users-ws,,,] 25708 --- [main] c.c.c.ConfigServicePropertySourceLocator : Could not locate PropertySource: I/O error on GET request for "http://localhost:8012/users-ws/default": Connection refused (Connection refused); nested exception is java.net.ConnectException: Connection refused (Connection refused)
2020-08-14 18:50:54.722  INFO [users-ws,,,] 25708 --- [main] o.s.a.r.c.CachingConnectionFactory       : Attempting to connect to: [localhost:5672]
2020-08-14 18:50:54.743  INFO [users-ws,,,] 25708 --- [main] o.s.c.s.m.DirectWithAttributesChannel    : Channel 'application-1.springCloudBusOutput' has 1 subscriber(s).
2020-08-14 18:50:54.781  INFO [users-ws,,,] 25708 --- [main] c.s.b.r.p.RabbitExchangeQueueProvisioner : declaring queue for inbound: springCloudBus.anonymous.p535FEIOSFGuaKdCm57uZQ, bound to: springCloudBus
2020-08-14 18:50:54.781  INFO [users-ws,,,] 25708 --- [main] o.s.a.r.c.CachingConnectionFactory       : Attempting to connect to: [localhost:5672]
2020-08-14 18:50:54.782  INFO [users-ws,,,] 25708 --- [main] o.s.a.r.c.CachingConnectionFactory       : Attempting to connect to: [localhost:5672]
2020-08-14 18:50:54.785  INFO [users-ws,,,] 25708 --- [main] o.s.a.r.c.CachingConnectionFactory       : Attempting to connect to: [localhost:5672]
2020-08-14 18:50:54.818  INFO [users-ws,,,] 25708 --- [main] o.s.c.stream.binder.BinderErrorChannel   : Channel 'application-1.springCloudBus.anonymous.p535FEIOSFGuaKdCm57uZQ.errors' has 1 subscriber(s).
2020-08-14 18:50:54.819  INFO [users-ws,,,] 25708 --- [main] o.s.c.stream.binder.BinderErrorChannel   : Channel 'application-1.springCloudBus.anonymous.p535FEIOSFGuaKdCm57uZQ.errors' has 2 subscriber(s).
2020-08-14 18:50:54.833  INFO [users-ws,,,] 25708 --- [main] o.s.a.r.c.CachingConnectionFactory       : Attempting to connect to: [localhost:5672]
2020-08-14 18:50:54.834  INFO [users-ws,,,] 25708 --- [main] o.s.a.r.l.SimpleMessageListenerContainer : Broker not available; cannot force queue declarations during start: java.net.ConnectException: Connection refused (Connection refused)
2020-08-14 18:50:54.845  INFO [users-ws,,,] 25708 --- [springCloudBus.anonymous.p535FEIOSFGuaKdCm57uZQ-1] o.s.a.r.c.CachingConnectionFactory       : Attempting to connect to: [localhost:5672]
2020-08-14 18:50:54.846  INFO [users-ws,,,] 25708 --- [main] o.s.i.a.i.AmqpInboundChannelAdapter      : started inbound.springCloudBus.anonymous.p535FEIOSFGuaKdCm57uZQ
2020-08-14 18:50:54.904  INFO [users-ws,,,] 25708 --- [main] m.p.a.u.PhotoAppApiUsersApplicationTests : Started PhotoAppApiUsersApplicationTests in 14.175 seconds (JVM running for 15.043)
2020-08-14 18:50:55.081  INFO [users-ws,,,] 25708 --- [Thread-7] o.s.c.n.eureka.InstanceInfoFactory       : Setting initial instance status as: STARTING
2020-08-14 18:50:55.086  INFO [users-ws,,,] 25708 --- [Thread-7] o.s.c.n.e.s.EurekaServiceRegistry        : Unregistering application USERS-WS with eureka with status DOWN
2020-08-14 18:50:55.093  INFO [users-ws,,,] 25708 --- [Thread-7] o.s.a.r.l.SimpleMessageListenerContainer : Waiting for workers to finish.
2020-08-14 18:50:55.093  INFO [users-ws,,,] 25708 --- [Thread-7] o.s.a.r.l.SimpleMessageListenerContainer : Successfully waited for workers to finish.
2020-08-14 18:50:55.093  INFO [users-ws,,,] 25708 --- [Thread-7] o.s.i.a.i.AmqpInboundChannelAdapter      : stopped inbound.springCloudBus.anonymous.p535FEIOSFGuaKdCm57uZQ
2020-08-14 18:50:55.094  INFO [users-ws,,,] 25708 --- [Thread-7] o.s.c.stream.binder.BinderErrorChannel   : Channel 'application-1.springCloudBus.anonymous.p535FEIOSFGuaKdCm57uZQ.errors' has 1 subscriber(s).
2020-08-14 18:50:55.095  INFO [users-ws,,,] 25708 --- [Thread-7] o.s.c.stream.binder.BinderErrorChannel   : Channel 'application-1.springCloudBus.anonymous.p535FEIOSFGuaKdCm57uZQ.errors' has 0 subscriber(s).
2020-08-14 18:50:55.099  INFO [users-ws,,,] 25708 --- [Thread-7] o.s.i.endpoint.EventDrivenConsumer       : Removing {logging-channel-adapter:_org.springframework.integration.errorLogger} as a subscriber to the 'errorChannel' channel
2020-08-14 18:50:55.099  INFO [users-ws,,,] 25708 --- [Thread-7] o.s.i.channel.PublishSubscribeChannel    : Channel 'application-1.errorChannel' has 0 subscriber(s).
2020-08-14 18:50:55.099  INFO [users-ws,,,] 25708 --- [Thread-7] o.s.i.endpoint.EventDrivenConsumer       : stopped _org.springframework.integration.errorLogger
2020-08-14 18:50:55.969  WARN [users-ws,,,] 25708 --- [AsyncReporter{org.springframework.cloud.sleuth.zipkin2.sender.RestTemplateSender@58ca1cad}] s.c.a.AnnotationConfigApplicationContext : Exception encountered during context initialization - cancelling refresh attempt: org.springframework.beans.factory.UnsatisfiedDependencyException: Error creating bean with name 'eurekaRibbonClientConfiguration': Unsatisfied dependency expressed through field 'eurekaConfig'; nested exception is org.springframework.beans.factory.BeanCreationNotAllowedException: Error creating bean with name 'eurekaInstanceConfigBean': Singleton bean creation not allowed while singletons of this factory are in destruction (Do not request a bean from a BeanFactory in a destroy method implementation!)
2020-08-14 18:50:55.971  INFO [users-ws,,,] 25708 --- [Thread-7] o.s.s.concurrent.ThreadPoolTaskExecutor  : Shutting down ExecutorService 'applicationTaskExecutor'
2020-08-14 18:50:55.988  INFO [users-ws,,,] 25708 --- [Thread-7] o.s.s.c.ThreadPoolTaskScheduler          : Shutting down ExecutorService 'taskScheduler'
2020-08-14 18:50:55.991  INFO [users-ws,,,] 25708 --- [Thread-7] j.LocalContainerEntityManagerFactoryBean : Closing JPA EntityManagerFactory for persistence unit 'default'
2020-08-14 18:50:55.996  INFO [users-ws,,,] 25708 --- [Thread-7] o.s.b.f.support.DisposableBeanAdapter    : Invocation of destroy method failed on bean with name 'inMemoryDatabaseShutdownExecutor': org.h2.jdbc.JdbcSQLNonTransientConnectionException: Database is already closed (to disable automatic closing at VM shutdown, add ";DB_CLOSE_ON_EXIT=FALSE" to the db URL) [90121-199]
2020-08-14 18:50:55.997  INFO [users-ws,,,] 25708 --- [Thread-7] com.zaxxer.hikari.HikariDataSource       : HikariPool-1 - Shutdown initiated...
2020-08-14 18:50:55.999  INFO [users-ws,,,] 25708 --- [Thread-7] com.zaxxer.hikari.HikariDataSource       : HikariPool-1 - Shutdown completed.
2020-08-14 20:07:14.816  INFO [users-ws,,,] 26121 --- [main] c.c.c.ConfigServicePropertySourceLocator : Fetching config from server at : http://localhost:8012
2020-08-14 20:07:14.987  INFO [users-ws,,,] 26121 --- [main] c.c.c.ConfigServicePropertySourceLocator : Connect Timeout Exception on Url - http://localhost:8012. Will be trying the next url if available
2020-08-14 20:07:14.988  WARN [users-ws,,,] 26121 --- [main] c.c.c.ConfigServicePropertySourceLocator : Could not locate PropertySource: I/O error on GET request for "http://localhost:8012/users-ws/default": Connection refused (Connection refused); nested exception is java.net.ConnectException: Connection refused (Connection refused)
2020-08-14 20:07:15.001  INFO [users-ws,,,] 26121 --- [main] m.p.a.u.PhotoAppApiUsersApplicationTests : No active profile set, falling back to default profiles: default
2020-08-14 20:07:15.874  WARN [users-ws,,,] 26121 --- [main] o.s.boot.actuate.endpoint.EndpointId     : Endpoint ID 'bus-env' contains invalid characters, please migrate to a valid format.
2020-08-14 20:07:15.879  WARN [users-ws,,,] 26121 --- [main] o.s.boot.actuate.endpoint.EndpointId     : Endpoint ID 'bus-refresh' contains invalid characters, please migrate to a valid format.
2020-08-14 20:07:16.081  INFO [users-ws,,,] 26121 --- [main] .s.d.r.c.RepositoryConfigurationDelegate : Bootstrapping Spring Data repositories in DEFAULT mode.
2020-08-14 20:07:16.240  INFO [users-ws,,,] 26121 --- [main] .s.d.r.c.RepositoryConfigurationDelegate : Finished Spring Data repository scanning in 149ms. Found 1 repository interfaces.
2020-08-14 20:07:16.378  WARN [users-ws,,,] 26121 --- [main] o.s.boot.actuate.endpoint.EndpointId     : Endpoint ID 'service-registry' contains invalid characters, please migrate to a valid format.
2020-08-14 20:07:16.462  WARN [users-ws,,,] 26121 --- [main] o.s.boot.actuate.endpoint.EndpointId     : Endpoint ID 'hystrix.stream' contains invalid characters, please migrate to a valid format.
2020-08-14 20:07:16.950  INFO [users-ws,,,] 26121 --- [main] o.s.cloud.context.scope.GenericScope     : BeanFactory id=de813696-9f94-3ce7-a1dd-64d928b9ee66
2020-08-14 20:07:17.032  INFO [users-ws,,,] 26121 --- [main] faultConfiguringBeanFactoryPostProcessor : No bean named 'errorChannel' has been explicitly defined. Therefore, a default PublishSubscribeChannel will be created.
2020-08-14 20:07:17.041  INFO [users-ws,,,] 26121 --- [main] faultConfiguringBeanFactoryPostProcessor : No bean named 'taskScheduler' has been explicitly defined. Therefore, a default ThreadPoolTaskScheduler will be created.
2020-08-14 20:07:17.050  INFO [users-ws,,,] 26121 --- [main] faultConfiguringBeanFactoryPostProcessor : No bean named 'integrationHeaderChannelRegistry' has been explicitly defined. Therefore, a default DefaultHeaderChannelRegistry will be created.
2020-08-14 20:07:17.484  INFO [users-ws,,,] 26121 --- [main] trationDelegate$BeanPostProcessorChecker : Bean 'org.springframework.transaction.annotation.ProxyTransactionManagementConfiguration' of type [org.springframework.transaction.annotation.ProxyTransactionManagementConfiguration$$EnhancerBySpringCGLIB$$36a89854] is not eligible for getting processed by all BeanPostProcessors (for example: not eligible for auto-proxying)
2020-08-14 20:07:17.543  INFO [users-ws,,,] 26121 --- [main] trationDelegate$BeanPostProcessorChecker : Bean 'integrationDisposableAutoCreatedBeans' of type [org.springframework.integration.config.annotation.Disposables] is not eligible for getting processed by all BeanPostProcessors (for example: not eligible for auto-proxying)
2020-08-14 20:07:17.604  INFO [users-ws,,,] 26121 --- [main] trationDelegate$BeanPostProcessorChecker : Bean 'org.springframework.integration.config.IntegrationManagementConfiguration' of type [org.springframework.integration.config.IntegrationManagementConfiguration$$EnhancerBySpringCGLIB$$a19a5383] is not eligible for getting processed by all BeanPostProcessors (for example: not eligible for auto-proxying)
2020-08-14 20:07:17.666  INFO [users-ws,,,] 26121 --- [main] trationDelegate$BeanPostProcessorChecker : Bean 'org.springframework.cloud.autoconfigure.ConfigurationPropertiesRebinderAutoConfiguration' of type [org.springframework.cloud.autoconfigure.ConfigurationPropertiesRebinderAutoConfiguration$$EnhancerBySpringCGLIB$$52c29b51] is not eligible for getting processed by all BeanPostProcessors (for example: not eligible for auto-proxying)
2020-08-14 20:07:18.392  INFO [users-ws,,,] 26121 --- [main] com.zaxxer.hikari.HikariDataSource       : HikariPool-1 - Starting...
2020-08-14 20:07:18.719  INFO [users-ws,,,] 26121 --- [main] com.zaxxer.hikari.HikariDataSource       : HikariPool-1 - Start completed.
2020-08-14 20:07:18.897  INFO [users-ws,,,] 26121 --- [main] o.hibernate.jpa.internal.util.LogHelper  : HHH000204: Processing PersistenceUnitInfo [
	name: default
	...]
2020-08-14 20:07:18.998  INFO [users-ws,,,] 26121 --- [main] org.hibernate.Version                    : HHH000412: Hibernate Core {5.3.9.Final}
2020-08-14 20:07:19.000  INFO [users-ws,,,] 26121 --- [main] org.hibernate.cfg.Environment            : HHH000206: hibernate.properties not found
2020-08-14 20:07:19.156  INFO [users-ws,,,] 26121 --- [main] o.hibernate.annotations.common.Version   : HCANN000001: Hibernate Commons Annotations {5.0.4.Final}
2020-08-14 20:07:19.325  INFO [users-ws,,,] 26121 --- [main] org.hibernate.dialect.Dialect            : HHH000400: Using dialect: org.hibernate.dialect.H2Dialect
2020-08-14 20:07:20.291  INFO [users-ws,,,] 26121 --- [main] j.LocalContainerEntityManagerFactoryBean : Initialized JPA EntityManagerFactory for persistence unit 'default'
2020-08-14 20:07:21.532  WARN [users-ws,,,] 26121 --- [main] c.n.c.sources.URLConfigurationSource     : No URLs will be polled as dynamic configuration sources.
2020-08-14 20:07:21.532  INFO [users-ws,,,] 26121 --- [main] c.n.c.sources.URLConfigurationSource     : To enable URLs as dynamic configuration sources, define System property archaius.configurationSource.additionalUrls or make config.properties available on classpath.
2020-08-14 20:07:21.553  INFO [users-ws,,,] 26121 --- [main] c.netflix.config.DynamicPropertyFactory  : DynamicPropertyFactory is initialized with configuration sources: com.netflix.config.ConcurrentCompositeConfiguration@31cddb11
2020-08-14 20:07:21.890  INFO [users-ws,,,] 26121 --- [main] o.s.s.c.ThreadPoolTaskScheduler          : Initializing ExecutorService 'taskScheduler'
2020-08-14 20:07:22.608  INFO [users-ws,,,] 26121 --- [main] o.s.s.web.DefaultSecurityFilterChain     : Creating filter chain: any request, [org.springframework.security.web.context.request.async.WebAsyncManagerIntegrationFilter@7a491a60, org.springframework.security.web.context.SecurityContextPersistenceFilter@90c01ab, org.springframework.security.web.header.HeaderWriterFilter@70d16858, org.springframework.security.web.authentication.logout.LogoutFilter@7d49fe37, com.microservice.photoapp.api.users.security.AuthenticationFilter@80b6098, org.springframework.security.web.savedrequest.RequestCacheAwareFilter@2d568cff, org.springframework.security.web.servletapi.SecurityContextHolderAwareRequestFilter@49741e80, org.springframework.security.web.authentication.AnonymousAuthenticationFilter@5c30decf, org.springframework.security.web.session.SessionManagementFilter@6dde913e, org.springframework.security.web.access.ExceptionTranslationFilter@506e382b, org.springframework.security.web.access.intercept.FilterSecurityInterceptor@4ac0fdc7]
2020-08-14 20:07:23.006  WARN [users-ws,,,] 26121 --- [main] c.n.c.sources.URLConfigurationSource     : No URLs will be polled as dynamic configuration sources.
2020-08-14 20:07:23.006  INFO [users-ws,,,] 26121 --- [main] c.n.c.sources.URLConfigurationSource     : To enable URLs as dynamic configuration sources, define System property archaius.configurationSource.additionalUrls or make config.properties available on classpath.
2020-08-14 20:07:23.475  INFO [users-ws,,,] 26121 --- [main] o.s.s.concurrent.ThreadPoolTaskExecutor  : Initializing ExecutorService 'applicationTaskExecutor'
2020-08-14 20:07:23.549  WARN [users-ws,,,] 26121 --- [main] aWebConfiguration$JpaWebMvcConfiguration : spring.jpa.open-in-view is enabled by default. Therefore, database queries may be performed during view rendering. Explicitly configure spring.jpa.open-in-view to disable this warning
2020-08-14 20:07:26.316  INFO [users-ws,,,] 26121 --- [main] o.s.b.a.e.web.EndpointLinksResolver      : Exposing 1 endpoint(s) beneath base path '/actuator'
2020-08-14 20:07:27.641  INFO [users-ws,,,] 26121 --- [main] o.s.c.s.m.DirectWithAttributesChannel    : Channel 'application-1.springCloudBusInput' has 1 subscriber(s).
2020-08-14 20:07:27.736  INFO [users-ws,,,] 26121 --- [main] o.s.i.endpoint.EventDrivenConsumer       : Adding {logging-channel-adapter:_org.springframework.integration.errorLogger} as a subscriber to the 'errorChannel' channel
2020-08-14 20:07:27.737  INFO [users-ws,,,] 26121 --- [main] o.s.i.channel.PublishSubscribeChannel    : Channel 'application-1.errorChannel' has 1 subscriber(s).
2020-08-14 20:07:27.738  INFO [users-ws,,,] 26121 --- [main] o.s.i.endpoint.EventDrivenConsumer       : started _org.springframework.integration.errorLogger
2020-08-14 20:07:27.839  INFO [users-ws,,,] 26121 --- [main] c.c.c.ConfigServicePropertySourceLocator : Fetching config from server at : http://localhost:8012
2020-08-14 20:07:27.856  INFO [users-ws,,,] 26121 --- [main] c.c.c.ConfigServicePropertySourceLocator : Connect Timeout Exception on Url - http://localhost:8012. Will be trying the next url if available
2020-08-14 20:07:27.856  WARN [users-ws,,,] 26121 --- [main] c.c.c.ConfigServicePropertySourceLocator : Could not locate PropertySource: I/O error on GET request for "http://localhost:8012/users-ws/default": Connection refused (Connection refused); nested exception is java.net.ConnectException: Connection refused (Connection refused)
2020-08-14 20:07:28.133  INFO [users-ws,,,] 26121 --- [main] o.s.a.r.c.CachingConnectionFactory       : Attempting to connect to: [localhost:5672]
2020-08-14 20:07:28.153  INFO [users-ws,,,] 26121 --- [main] o.s.c.s.m.DirectWithAttributesChannel    : Channel 'application-1.springCloudBusOutput' has 1 subscriber(s).
2020-08-14 20:07:28.184  INFO [users-ws,,,] 26121 --- [main] c.s.b.r.p.RabbitExchangeQueueProvisioner : declaring queue for inbound: springCloudBus.anonymous.xmGL_Qw7Q5ac5fDJ_rKGCw, bound to: springCloudBus
2020-08-14 20:07:28.184  INFO [users-ws,,,] 26121 --- [main] o.s.a.r.c.CachingConnectionFactory       : Attempting to connect to: [localhost:5672]
2020-08-14 20:07:28.186  INFO [users-ws,,,] 26121 --- [main] o.s.a.r.c.CachingConnectionFactory       : Attempting to connect to: [localhost:5672]
2020-08-14 20:07:28.193  INFO [users-ws,,,] 26121 --- [main] o.s.a.r.c.CachingConnectionFactory       : Attempting to connect to: [localhost:5672]
2020-08-14 20:07:28.224  INFO [users-ws,,,] 26121 --- [main] o.s.c.stream.binder.BinderErrorChannel   : Channel 'application-1.springCloudBus.anonymous.xmGL_Qw7Q5ac5fDJ_rKGCw.errors' has 1 subscriber(s).
2020-08-14 20:07:28.225  INFO [users-ws,,,] 26121 --- [main] o.s.c.stream.binder.BinderErrorChannel   : Channel 'application-1.springCloudBus.anonymous.xmGL_Qw7Q5ac5fDJ_rKGCw.errors' has 2 subscriber(s).
2020-08-14 20:07:28.239  INFO [users-ws,,,] 26121 --- [main] o.s.a.r.c.CachingConnectionFactory       : Attempting to connect to: [localhost:5672]
2020-08-14 20:07:28.240  INFO [users-ws,,,] 26121 --- [main] o.s.a.r.l.SimpleMessageListenerContainer : Broker not available; cannot force queue declarations during start: java.net.ConnectException: Connection refused (Connection refused)
2020-08-14 20:07:28.251  INFO [users-ws,,,] 26121 --- [springCloudBus.anonymous.xmGL_Qw7Q5ac5fDJ_rKGCw-1] o.s.a.r.c.CachingConnectionFactory       : Attempting to connect to: [localhost:5672]
2020-08-14 20:07:28.253  INFO [users-ws,,,] 26121 --- [main] o.s.i.a.i.AmqpInboundChannelAdapter      : started inbound.springCloudBus.anonymous.xmGL_Qw7Q5ac5fDJ_rKGCw
2020-08-14 20:07:28.313  INFO [users-ws,,,] 26121 --- [main] m.p.a.u.PhotoAppApiUsersApplicationTests : Started PhotoAppApiUsersApplicationTests in 14.263 seconds (JVM running for 14.963)
2020-08-14 20:07:28.533  INFO [users-ws,,,] 26121 --- [Thread-7] o.s.c.n.eureka.InstanceInfoFactory       : Setting initial instance status as: STARTING
2020-08-14 20:07:28.537  INFO [users-ws,,,] 26121 --- [Thread-7] o.s.c.n.e.s.EurekaServiceRegistry        : Unregistering application USERS-WS with eureka with status DOWN
2020-08-14 20:07:28.546  INFO [users-ws,,,] 26121 --- [Thread-7] o.s.a.r.l.SimpleMessageListenerContainer : Waiting for workers to finish.
2020-08-14 20:07:28.546  INFO [users-ws,,,] 26121 --- [Thread-7] o.s.a.r.l.SimpleMessageListenerContainer : Successfully waited for workers to finish.
2020-08-14 20:07:28.547  INFO [users-ws,,,] 26121 --- [Thread-7] o.s.i.a.i.AmqpInboundChannelAdapter      : stopped inbound.springCloudBus.anonymous.xmGL_Qw7Q5ac5fDJ_rKGCw
2020-08-14 20:07:28.547  INFO [users-ws,,,] 26121 --- [Thread-7] o.s.c.stream.binder.BinderErrorChannel   : Channel 'application-1.springCloudBus.anonymous.xmGL_Qw7Q5ac5fDJ_rKGCw.errors' has 1 subscriber(s).
2020-08-14 20:07:28.548  INFO [users-ws,,,] 26121 --- [Thread-7] o.s.c.stream.binder.BinderErrorChannel   : Channel 'application-1.springCloudBus.anonymous.xmGL_Qw7Q5ac5fDJ_rKGCw.errors' has 0 subscriber(s).
2020-08-14 20:07:28.552  INFO [users-ws,,,] 26121 --- [Thread-7] o.s.i.endpoint.EventDrivenConsumer       : Removing {logging-channel-adapter:_org.springframework.integration.errorLogger} as a subscriber to the 'errorChannel' channel
2020-08-14 20:07:28.553  INFO [users-ws,,,] 26121 --- [Thread-7] o.s.i.channel.PublishSubscribeChannel    : Channel 'application-1.errorChannel' has 0 subscriber(s).
2020-08-14 20:07:28.553  INFO [users-ws,,,] 26121 --- [Thread-7] o.s.i.endpoint.EventDrivenConsumer       : stopped _org.springframework.integration.errorLogger
2020-08-14 20:07:29.141  WARN [users-ws,,,] 26121 --- [AsyncReporter{org.springframework.cloud.sleuth.zipkin2.sender.RestTemplateSender@74471600}] s.c.a.AnnotationConfigApplicationContext : Exception encountered during context initialization - cancelling refresh attempt: org.springframework.beans.factory.UnsatisfiedDependencyException: Error creating bean with name 'eurekaRibbonClientConfiguration': Unsatisfied dependency expressed through field 'eurekaConfig'; nested exception is org.springframework.beans.factory.BeanCreationNotAllowedException: Error creating bean with name 'eurekaInstanceConfigBean': Singleton bean creation not allowed while singletons of this factory are in destruction (Do not request a bean from a BeanFactory in a destroy method implementation!)
2020-08-14 20:07:29.147  INFO [users-ws,,,] 26121 --- [Thread-7] o.s.s.concurrent.ThreadPoolTaskExecutor  : Shutting down ExecutorService 'applicationTaskExecutor'
2020-08-14 20:07:29.179  INFO [users-ws,,,] 26121 --- [Thread-7] o.s.s.c.ThreadPoolTaskScheduler          : Shutting down ExecutorService 'taskScheduler'
2020-08-14 20:07:29.183  INFO [users-ws,,,] 26121 --- [Thread-7] j.LocalContainerEntityManagerFactoryBean : Closing JPA EntityManagerFactory for persistence unit 'default'
2020-08-14 20:07:29.189  INFO [users-ws,,,] 26121 --- [Thread-7] o.s.b.f.support.DisposableBeanAdapter    : Invocation of destroy method failed on bean with name 'inMemoryDatabaseShutdownExecutor': org.h2.jdbc.JdbcSQLNonTransientConnectionException: Database is already closed (to disable automatic closing at VM shutdown, add ";DB_CLOSE_ON_EXIT=FALSE" to the db URL) [90121-199]
2020-08-14 20:07:29.191  INFO [users-ws,,,] 26121 --- [Thread-7] com.zaxxer.hikari.HikariDataSource       : HikariPool-1 - Shutdown initiated...
2020-08-14 20:07:29.196  INFO [users-ws,,,] 26121 --- [Thread-7] com.zaxxer.hikari.HikariDataSource       : HikariPool-1 - Shutdown completed.
